u:\documents\cpsc591\mass-spring demo\debug\vc140.pdb
u:\documents\cpsc591\mass-spring demo\debug\vc140.idb
u:\documents\cpsc591\mass-spring demo\debug\imagebuffer.obj
u:\documents\cpsc591\mass-spring demo\debug\imagereader.obj
u:\documents\cpsc591\mass-spring demo\debug\inputhandler.obj
u:\documents\cpsc591\mass-spring demo\debug\light.obj
u:\documents\cpsc591\mass-spring demo\debug\main.obj
u:\documents\cpsc591\mass-spring demo\debug\mesh.obj
u:\documents\cpsc591\mass-spring demo\debug\meshmanager.obj
u:\documents\cpsc591\mass-spring demo\debug\meshobject.obj
u:\documents\cpsc591\mass-spring demo\debug\mouse_handler.obj
u:\documents\cpsc591\mass-spring demo\debug\object.obj
u:\documents\cpsc591\mass-spring demo\debug\object3d.obj
u:\documents\cpsc591\mass-spring demo\debug\object_factory.obj
u:\documents\cpsc591\mass-spring demo\debug\plane.obj
u:\documents\cpsc591\mass-spring demo\debug\shader.obj
u:\documents\cpsc591\mass-spring demo\debug\shadermanager.obj
u:\documents\cpsc591\mass-spring demo\debug\sphere.obj
u:\documents\cpsc591\mass-spring demo\debug\massspringsystem.obj
u:\documents\cpsc591\mass-spring demo\debug\texture.obj
u:\documents\cpsc591\mass-spring demo\debug\texturemanager.obj
u:\documents\cpsc591\mass-spring demo\debug\triangle.obj
u:\documents\cpsc591\mass-spring demo\debug\anim_track.obj
u:\documents\cpsc591\mass-spring demo\debug\camera.obj
u:\documents\cpsc591\mass-spring demo\debug\cmdhandler.obj
u:\documents\cpsc591\mass-spring demo\debug\edgebuffer.obj
u:\documents\cpsc591\mass-spring demo\debug\environmentmanager.obj
u:\documents\cpsc591\mass-spring demo\debug\graphicsmanager.obj
u:\documents\cpsc591\mass-spring demo\debug\renderer.ilk
u:\documents\cpsc591\mass-spring demo\debug\renderer.exe
u:\documents\cpsc591\mass-spring demo\debug\renderer.pdb
u:\documents\cpsc591\mass-spring demo\debug\renderer.tlog\link.command.1.tlog
u:\documents\cpsc591\mass-spring demo\debug\renderer.tlog\cl.write.1.tlog
u:\documents\cpsc591\mass-spring demo\debug\renderer.tlog\link.read.1.tlog
u:\documents\cpsc591\mass-spring demo\debug\renderer.tlog\cl.command.1.tlog
u:\documents\cpsc591\mass-spring demo\debug\renderer.tlog\cl.read.1.tlog
u:\documents\cpsc591\mass-spring demo\debug\renderer.tlog\link.write.1.tlog
