u:\documents\cpsc591\mass-spring demo\release\renderer.exe
u:\documents\cpsc591\mass-spring demo\release\renderer.ipdb
u:\documents\cpsc591\mass-spring demo\release\renderer.iobj
u:\documents\cpsc591\mass-spring demo\release\renderer.pdb
u:\documents\cpsc591\mass-spring demo\release\vc140.pdb
u:\documents\cpsc591\mass-spring demo\release\object.obj
u:\documents\cpsc591\mass-spring demo\release\shadermanager.obj
u:\documents\cpsc591\mass-spring demo\release\imagereader.obj
u:\documents\cpsc591\mass-spring demo\release\mouse_handler.obj
u:\documents\cpsc591\mass-spring demo\release\mesh.obj
u:\documents\cpsc591\mass-spring demo\release\texture.obj
u:\documents\cpsc591\mass-spring demo\release\texturemanager.obj
u:\documents\cpsc591\mass-spring demo\release\inputhandler.obj
u:\documents\cpsc591\mass-spring demo\release\meshobject.obj
u:\documents\cpsc591\mass-spring demo\release\triangle.obj
u:\documents\cpsc591\mass-spring demo\release\environmentmanager.obj
u:\documents\cpsc591\mass-spring demo\release\imagebuffer.obj
u:\documents\cpsc591\mass-spring demo\release\sphere.obj
u:\documents\cpsc591\mass-spring demo\release\anim_track.obj
u:\documents\cpsc591\mass-spring demo\release\object3d.obj
u:\documents\cpsc591\mass-spring demo\release\light.obj
u:\documents\cpsc591\mass-spring demo\release\main.obj
u:\documents\cpsc591\mass-spring demo\release\shader.obj
u:\documents\cpsc591\mass-spring demo\release\massspringsystem.obj
u:\documents\cpsc591\mass-spring demo\release\graphicsmanager.obj
u:\documents\cpsc591\mass-spring demo\release\cmdhandler.obj
u:\documents\cpsc591\mass-spring demo\release\camera.obj
u:\documents\cpsc591\mass-spring demo\release\object_factory.obj
u:\documents\cpsc591\mass-spring demo\release\plane.obj
u:\documents\cpsc591\mass-spring demo\release\edgebuffer.obj
u:\documents\cpsc591\mass-spring demo\release\meshmanager.obj
u:\documents\cpsc591\mass-spring demo\release\renderer.tlog\link.write.1.tlog
u:\documents\cpsc591\mass-spring demo\release\renderer.tlog\cl.write.1.tlog
u:\documents\cpsc591\mass-spring demo\release\renderer.tlog\link.command.1.tlog
u:\documents\cpsc591\mass-spring demo\release\renderer.tlog\cl.command.1.tlog
u:\documents\cpsc591\mass-spring demo\release\renderer.tlog\link.read.1.tlog
